<?xml version="1.0" encoding="UTF-8"?>
<!-- Generated by org.testng.reporters.JUnitXMLReporter -->
<testsuite hostname="MacBook-Air-Anastasia.local" name="Command line test" tests="5" failures="0" timestamp="12 Dec 2017 21:01:06 GMT" time="0.058" errors="0">
  <testcase name="createNewFile" time="0.001" classname="com.company.app.CreateFileTestFunction"/>
  <testcase name="isDirectoryExisted" time="0.0" classname="com.company.app.CreateFileTestFunction"/>
  <testcase name="isFileExisted" time="0.0" classname="com.company.app.CreateFileTestFunction"/>
  <testcase name="isReadable" time="0.0" classname="com.company.app.CreateFileTestFunction"/>
  <testcase name="isWritable" time="0.0" classname="com.company.app.CreateFileTestFunction"/>
</testsuite> <!-- Command line test -->
