<?xml version="1.0" encoding="UTF-8"?>
<testsuite name="TestSuite" time="0.021" tests="4" errors="0" skipped="0" failures="2">
  <properties>
[...]
</properties>
  <testcase name="createTxtFile" classname="com.company.app.CreateFileTestFunction" time="0.005"/>
  <testcase name="createTxtFile" classname="com.company.app.CreateFileTestFunction" time="0.001"/>
  <testcase name="createFileInNotExistedDirectory" classname="com.company.app.CreateFileTestFunction" time="0.014">
    <failure message="File was not created&#10;Expected: is &lt;true&gt;&#10;     but: was &lt;false&gt;" type="java.lang.AssertionError"><![CDATA[java.lang.AssertionError: File was not created
Expected: is <true>
     but: was <false>
	at org.hamcrest.MatcherAssert.assertThat(MatcherAssert.java:20)
	at com.company.app.CreateFileTestFunction.createFileInNotExistedDirectory(CreateFileTestFunction.java:52)
]]></failure>
    <system-out><![CDATA[Negative 1
]]></system-out>
  </testcase>
  <testcase name="createFileInNotExistedDirectory" classname="com.company.app.CreateFileTestFunction" time="0.001">
    <failure message="File was not created&#10;Expected: is &lt;true&gt;&#10;     but: was &lt;false&gt;" type="java.lang.AssertionError"><![CDATA[java.lang.AssertionError: File was not created
Expected: is <true>
     but: was <false>
	at org.hamcrest.MatcherAssert.assertThat(MatcherAssert.java:20)
	at com.company.app.CreateFileTestFunction.createFileInNotExistedDirectory(CreateFileTestFunction.java:52)
]]></failure>
    <system-out><![CDATA[Negative 1
]]></system-out>
  </testcase>
</testsuite>